<?xml version="1.0" encoding="UTF-8"?>
<!-- Generated by org.testng.reporters.JUnitXMLReporter -->
<testsuite hostname="DESKTOP-23M10JB" ignored="0" name="Module3" tests="7" failures="0" timestamp="17 Apr 2018 15:42:56 GMT" time="0.041" errors="0">
  <testcase name="Epic3_TC1" time="0.002" classname="test.Epic3"/>
  <testcase name="Epic3_TC2" time="0.002" classname="test.Epic3"/>
  <testcase name="Epic3_TC3" time="0.002" classname="test.Epic3"/>
  <testcase name="Epic3_TC4" time="0.002" classname="test.Epic3"/>
  <testcase name="Epic3_TC4" time="0.001" classname="test.Epic3"/>
  <testcase name="Epic3_TC4" time="0.002" classname="test.Epic3"/>
  <testcase name="AEpic3_TC5" time="0.001" classname="test.Epic3"/>
</testsuite> <!-- Module3 -->
