<?xml version="1.0" encoding="UTF-8"?>
<!-- Generated by org.testng.reporters.JUnitXMLReporter -->
<testsuite hostname="DESKTOP-23M10JB" ignored="8" name="Regression" tests="3" failures="0" timestamp="17 Apr 2018 15:55:29 GMT" time="0.048" errors="0">
  <testcase name="Epic2_TC1" time="0.011" classname="test.Epic2"/>
  <testcase name="Epic3_TC2" time="0.003" classname="test.Epic3"/>
  <testcase name="Epic4_TC2" time="0.004" classname="test.Epic4"/>
  <testcase name="Epic1_TC1" time="0.0" classname="test.Epic1">
    <ignored/>
  </testcase> <!-- Epic1_TC1 -->
  <testcase name="Epic1_TC2" time="0.0" classname="test.Epic1">
    <ignored/>
  </testcase> <!-- Epic1_TC2 -->
  <testcase name="AEpic3_TC5" time="0.0" classname="test.Epic3">
    <ignored/>
  </testcase> <!-- AEpic3_TC5 -->
  <testcase name="Epic4_TC3" time="0.0" classname="test.Epic4">
    <ignored/>
  </testcase> <!-- Epic4_TC3 -->
  <testcase name="Epic3_TC4" time="0.0" classname="test.Epic3">
    <ignored/>
  </testcase> <!-- Epic3_TC4 -->
  <testcase name="Epic3_TC1" time="0.0" classname="test.Epic3">
    <ignored/>
  </testcase> <!-- Epic3_TC1 -->
  <testcase name="Epic3_TC3" time="0.0" classname="test.Epic3">
    <ignored/>
  </testcase> <!-- Epic3_TC3 -->
  <testcase name="Epic4_TC1" time="0.0" classname="test.Epic4">
    <ignored/>
  </testcase> <!-- Epic4_TC1 -->
</testsuite> <!-- Regression -->
