<?xml version="1.0" encoding="UTF-8"?>
<testng-results skipped="0" failed="0" ignored="8" total="11" passed="3">
  <reporter-output>
  </reporter-output>
  <suite name="Modules" duration-ms="48" started-at="2018-04-17T15:55:29Z" finished-at="2018-04-17T15:55:29Z">
    <groups>
      <group name="Smoke">
        <method signature="Epic2.Epic2_TC1()[pri:0, instance:test.Epic2@2a2d45ba]" name="Epic2_TC1" class="test.Epic2"/>
        <method signature="Epic3.Epic3_TC2()[pri:0, instance:test.Epic3@68be2bc2]" name="Epic3_TC2" class="test.Epic3"/>
        <method signature="Epic4.Epic4_TC2()[pri:0, instance:test.Epic4@28feb3fa]" name="Epic4_TC2" class="test.Epic4"/>
      </group> <!-- Smoke -->
    </groups>
    <test name="Regression" duration-ms="48" started-at="2018-04-17T15:55:29Z" finished-at="2018-04-17T15:55:29Z">
      <class name="test.Epic2">
        <test-method status="PASS" signature="Epic2_TC1()[pri:0, instance:test.Epic2@2a2d45ba]" name="Epic2_TC1" duration-ms="11" started-at="2018-04-17T15:55:29Z" finished-at="2018-04-17T15:55:29Z">
          <reporter-output>
          </reporter-output>
        </test-method> <!-- Epic2_TC1 -->
      </class> <!-- test.Epic2 -->
      <class name="test.Epic3">
        <test-method status="PASS" signature="Epic3_TC2()[pri:0, instance:test.Epic3@68be2bc2]" name="Epic3_TC2" duration-ms="3" started-at="2018-04-17T15:55:29Z" finished-at="2018-04-17T15:55:29Z">
          <reporter-output>
          </reporter-output>
        </test-method> <!-- Epic3_TC2 -->
      </class> <!-- test.Epic3 -->
      <class name="test.Epic4">
        <test-method status="PASS" signature="Epic4_TC2()[pri:0, instance:test.Epic4@28feb3fa]" name="Epic4_TC2" duration-ms="4" started-at="2018-04-17T15:55:29Z" finished-at="2018-04-17T15:55:29Z">
          <reporter-output>
          </reporter-output>
        </test-method> <!-- Epic4_TC2 -->
      </class> <!-- test.Epic4 -->
    </test> <!-- Regression -->
  </suite> <!-- Modules -->
</testng-results>
